2023.08.04 07:49:12 INFO  Started: Metals version 1.0.0 in folders 'C:\Users\Admin\Documents\GitHub\scala-training\cses\cses' for client Visual Studio Code 1.80.2.
Aug 04, 2023 7:49:13 AM org.flywaydb.core.internal.license.VersionPrinter printVersionOnly
INFO: Flyway Community Edition 9.20.1 by Redgate
Aug 04, 2023 7:49:13 AM org.flywaydb.core.internal.license.VersionPrinter printVersion
INFO: See release notes here: https://rd.gt/416ObMi
Aug 04, 2023 7:49:13 AM org.flywaydb.core.internal.license.VersionPrinter printVersion
INFO: 
Aug 04, 2023 7:49:14 AM org.flywaydb.core.internal.database.base.BaseDatabaseType createDatabase
INFO: Database: jdbc:h2:file:C:\Users\Admin\Documents\GitHub\scala-training\cses\cses\.metals\metals (H2 2.1)
Aug 04, 2023 7:49:14 AM org.flywaydb.core.internal.schemahistory.JdbcTableSchemaHistory allAppliedMigrations
INFO: Schema history table "PUBLIC"."flyway_schema_history" does not exist yet
Aug 04, 2023 7:49:14 AM org.flywaydb.core.internal.command.DbValidate validate
INFO: Successfully validated 4 migrations (execution time 00:00.018s)
Aug 04, 2023 7:49:14 AM org.flywaydb.core.internal.schemahistory.JdbcTableSchemaHistory create
INFO: Creating Schema History table "PUBLIC"."flyway_schema_history" ...
Aug 04, 2023 7:49:14 AM org.flywaydb.core.internal.command.DbMigrate migrateGroup
INFO: Current version of schema "PUBLIC": << Empty Schema >>
Aug 04, 2023 7:49:14 AM org.flywaydb.core.internal.command.DbMigrate doMigrateGroup
INFO: Migrating schema "PUBLIC" to version "1 - Create tables"
Aug 04, 2023 7:49:14 AM org.flywaydb.core.internal.command.DbMigrate doMigrateGroup
INFO: Migrating schema "PUBLIC" to version "2 - Server discovery"
Aug 04, 2023 7:49:14 AM org.flywaydb.core.internal.command.DbMigrate doMigrateGroup
INFO: Migrating schema "PUBLIC" to version "3 - Jar symbols"
Aug 04, 2023 7:49:14 AM org.flywaydb.core.internal.command.DbMigrate doMigrateGroup
INFO: Migrating schema "PUBLIC" to version "4 - Fingerprints"
Aug 04, 2023 7:49:14 AM org.flywaydb.core.internal.command.DbMigrate logSummary
INFO: Successfully applied 4 migrations to schema "PUBLIC", now at version v4 (execution time 00:00.036s)
2023.08.04 07:49:14 INFO  time: initialize in 1.08s
2023.08.04 07:49:14 WARN  Build server is not auto-connectable.
2023.08.04 07:49:21 INFO  running 'C:\Program Files\Java\jre-1.8\bin\java.exe -Djline.terminal=jline.UnsupportedTerminal -Dsbt.log.noformat=true -Dfile.encoding=UTF-8 -jar C:\Users\Admin\AppData\Local\Temp\metals711917366561619075\sbt-launch.jar -Dbloop.export-jar-classifiers=sources bloopInstall'
2023.08.04 07:49:22 ERROR [info] [launcher] getting org.scala-sbt sbt 1.9.2  (this may take some time)...
2023.08.04 07:49:52 ERROR [error] [launcher] xsbt.boot.internal.shaded.coursier.error.FetchError$DownloadingArtifacts: Error fetching artifacts:
2023.08.04 07:49:52 ERROR https://repo1.maven.org/maven2/org/scala-sbt/zinc-lm-integration_2.12/1.9.2/zinc-lm-integration_2.12-1.9.2.jar: download error: Caught java.net.NoRouteToHostException (No route to host: connect) while downloading https://repo1.maven.org/maven2/org/scala-sbt/zinc-lm-integration_2.12/1.9.2/zinc-lm-integration_2.12-1.9.2.jar
2023.08.04 07:49:52 ERROR https://repo1.maven.org/maven2/org/scala-sbt/actions_2.12/1.9.2/actions_2.12-1.9.2.jar: download error: Caught java.net.NoRouteToHostException (No route to host: connect) while downloading https://repo1.maven.org/maven2/org/scala-sbt/actions_2.12/1.9.2/actions_2.12-1.9.2.jar
2023.08.04 07:49:52 ERROR https://repo1.maven.org/maven2/org/scala-sbt/collections_2.12/1.9.2/collections_2.12-1.9.2.jar: download error: Caught java.net.NoRouteToHostException (No route to host: connect) while downloading https://repo1.maven.org/maven2/org/scala-sbt/collections_2.12/1.9.2/collections_2.12-1.9.2.jar
2023.08.04 07:49:52 ERROR https://repo1.maven.org/maven2/org/scala-sbt/test-agent/1.9.2/test-agent-1.9.2.jar: download error: Caught java.net.NoRouteToHostException (No route to host: connect) while downloading https://repo1.maven.org/maven2/org/scala-sbt/test-agent/1.9.2/test-agent-1.9.2.jar
2023.08.04 07:49:52 ERROR https://repo1.maven.org/maven2/org/scala-sbt/tasks_2.12/1.9.2/tasks_2.12-1.9.2.jar: download error: Caught java.net.NoRouteToHostException (No route to host: connect) while downloading https://repo1.maven.org/maven2/org/scala-sbt/tasks_2.12/1.9.2/tasks_2.12-1.9.2.jar
2023.08.04 07:49:52 ERROR https://repo1.maven.org/maven2/org/scala-sbt/main_2.12/1.9.2/main_2.12-1.9.2.jar: download error: Caught java.net.NoRouteToHostException (No route to host: connect) while downloading https://repo1.maven.org/maven2/org/scala-sbt/main_2.12/1.9.2/main_2.12-1.9.2.jar
2023.08.04 07:49:52 ERROR https://repo1.maven.org/maven2/org/scala-sbt/sbt/1.9.2/sbt-1.9.2.jar: download error: Caught java.net.NoRouteToHostException (No route to host: connect) while downloading https://repo1.maven.org/maven2/org/scala-sbt/sbt/1.9.2/sbt-1.9.2.jar
2023.08.04 07:49:52 ERROR https://repo1.maven.org/maven2/org/scala-sbt/util-control_2.12/1.9.2/util-control_2.12-1.9.2.jar: download error: Caught java.net.NoRouteToHostException (No route to host: connect) while downloading https://repo1.maven.org/maven2/org/scala-sbt/util-control_2.12/1.9.2/util-control_2.12-1.9.2.jar
2023.08.04 07:49:52 ERROR https://repo1.maven.org/maven2/org/scala-sbt/main-settings_2.12/1.9.2/main-settings_2.12-1.9.2.jar: download error: Caught java.net.NoRouteToHostException (No route to host: connect) while downloading https://repo1.maven.org/maven2/org/scala-sbt/main-settings_2.12/1.9.2/main-settings_2.12-1.9.2.jar
2023.08.04 07:49:52 ERROR https://repo1.maven.org/maven2/org/scala-sbt/core-macros_2.12/1.9.2/core-macros_2.12-1.9.2.jar: download error: Caught java.net.NoRouteToHostException (No route to host: connect) while downloading https://repo1.maven.org/maven2/org/scala-sbt/core-macros_2.12/1.9.2/core-macros_2.12-1.9.2.jar
2023.08.04 07:49:52 ERROR https://repo1.maven.org/maven2/org/scala-sbt/scripted-plugin_2.12/1.9.2/scripted-plugin_2.12-1.9.2.jar: download error: Caught java.net.NoRouteToHostException (No route to host: connect) while downloading https://repo1.maven.org/maven2/org/scala-sbt/scripted-plugin_2.12/1.9.2/scripted-plugin_2.12-1.9.2.jar
2023.08.04 07:49:52 ERROR https://repo1.maven.org/maven2/org/scala-sbt/util-position_2.12/1.9.2/util-position_2.12-1.9.2.jar: download error: Caught java.net.NoRouteToHostException (No route to host: connect) while downloading https://repo1.maven.org/maven2/org/scala-sbt/util-position_2.12/1.9.2/util-position_2.12-1.9.2.jar
2023.08.04 07:49:52 ERROR https://repo1.maven.org/maven2/org/scala-sbt/logic_2.12/1.9.2/logic_2.12-1.9.2.jar: download error: Caught java.net.NoRouteToHostException (No route to host: connect) while downloading https://repo1.maven.org/maven2/org/scala-sbt/logic_2.12/1.9.2/logic_2.12-1.9.2.jar
2023.08.04 07:49:52 ERROR https://repo1.maven.org/maven2/org/scala-sbt/command_2.12/1.9.2/command_2.12-1.9.2.jar: download error: Caught java.net.NoRouteToHostException (No route to host: connect) while downloading https://repo1.maven.org/maven2/org/scala-sbt/command_2.12/1.9.2/command_2.12-1.9.2.jar
2023.08.04 07:49:52 ERROR https://repo1.maven.org/maven2/org/scala-sbt/task-system_2.12/1.9.2/task-system_2.12-1.9.2.jar: download error: Caught java.net.NoRouteToHostException (No route to host: connect) while downloading https://repo1.maven.org/maven2/org/scala-sbt/task-system_2.12/1.9.2/task-system_2.12-1.9.2.jar
2023.08.04 07:49:52 ERROR https://repo1.maven.org/maven2/org/scala-sbt/testing_2.12/1.9.2/testing_2.12-1.9.2.jar: download error: Caught java.net.NoRouteToHostException (No route to host: connect) while downloading https://repo1.maven.org/maven2/org/scala-sbt/testing_2.12/1.9.2/testing_2.12-1.9.2.jar
2023.08.04 07:49:52 ERROR https://repo1.maven.org/maven2/org/scala-sbt/protocol_2.12/1.9.2/protocol_2.12-1.9.2.jar: download error: Caught java.net.NoRouteToHostException (No route to host: connect) while downloading https://repo1.maven.org/maven2/org/scala-sbt/protocol_2.12/1.9.2/protocol_2.12-1.9.2.jar
2023.08.04 07:49:52 ERROR https://repo1.maven.org/maven2/org/scala-sbt/zinc-compile_2.12/1.9.2/zinc-compile_2.12-1.9.2.jar: download error: Caught java.net.NoRouteToHostException (No route to host: connect) while downloading https://repo1.maven.org/maven2/org/scala-sbt/zinc-compile_2.12/1.9.2/zinc-compile_2.12-1.9.2.jar
2023.08.04 07:49:52 ERROR https://repo1.maven.org/maven2/org/scala-sbt/util-relation_2.12/1.9.2/util-relation_2.12-1.9.2.jar: download error: Caught java.net.NoRouteToHostException (No route to host: connect) while downloading https://repo1.maven.org/maven2/org/scala-sbt/util-relation_2.12/1.9.2/util-relation_2.12-1.9.2.jar
2023.08.04 07:49:52 ERROR https://repo1.maven.org/maven2/org/scala-sbt/util-tracking_2.12/1.9.2/util-tracking_2.12-1.9.2.jar: download error: Caught java.net.NoRouteToHostException (No route to host: connect) while downloading https://repo1.maven.org/maven2/org/scala-sbt/util-tracking_2.12/1.9.2/util-tracking_2.12-1.9.2.jar
2023.08.04 07:49:52 ERROR https://repo1.maven.org/maven2/org/scala-sbt/util-logging_2.12/1.9.2/util-logging_2.12-1.9.2.jar: download error: Caught java.net.NoRouteToHostException (No route to host: connect) while downloading https://repo1.maven.org/maven2/org/scala-sbt/util-logging_2.12/1.9.2/util-logging_2.12-1.9.2.jar
2023.08.04 07:49:52 ERROR https://repo1.maven.org/maven2/org/scala-sbt/completion_2.12/1.9.2/completion_2.12-1.9.2.jar: download error: Caught java.net.NoRouteToHostException (No route to host: connect) while downloading https://repo1.maven.org/maven2/org/scala-sbt/completion_2.12/1.9.2/completion_2.12-1.9.2.jar
2023.08.04 07:49:52 ERROR https://repo1.maven.org/maven2/org/scala-sbt/util-cache_2.12/1.9.2/util-cache_2.12-1.9.2.jar: download error: Caught java.net.NoRouteToHostException (No route to host: connect) while downloading https://repo1.maven.org/maven2/org/scala-sbt/util-cache_2.12/1.9.2/util-cache_2.12-1.9.2.jar
2023.08.04 07:49:52 ERROR 
2023.08.04 07:49:52 ERROR [error] [launcher] could not retrieve sbt 1.9.2
2023.08.04 07:49:53 INFO  time: ran 'sbt bloopInstall' in 31s
2023.08.04 07:49:53 ERROR sbt command failed: C:\Program Files\Java\jre-1.8\bin\java.exe -Djline.terminal=jline.UnsupportedTerminal -Dsbt.log.noformat=true -Dfile.encoding=UTF-8 -jar C:\Users\Admin\AppData\Local\Temp\metals711917366561619075\sbt-launch.jar -Dbloop.export-jar-classifiers=sources bloopInstall
2023.08.04 07:50:12 WARN  no build target for: C:\Users\Admin\Documents\GitHub\scala-training\cses\cses\src\main\scala\Main.scala
2023.08.04 07:50:22 INFO  no build target found for C:\Users\Admin\Documents\GitHub\scala-training\cses\cses\src\main\scala\Main.scala. Using presentation compiler with project's scala-library version: 3.3.0
2023.08.04 07:50:25 INFO  time: code lens generation in 11s
2023.08.04 07:50:25 INFO  time: code lens generation in 7.04s
2023.08.04 07:50:25 INFO  time: code lens generation in 10s
Aug 04, 2023 7:50:36 AM org.eclipse.lsp4j.jsonrpc.RemoteEndpoint handleCancellation
WARNING: Unmatched cancel notification for request id 12
2023.08.04 07:50:51 WARN  no build target for: C:\Users\Admin\Documents\GitHub\scala-training\cses\cses\src\main\scala\Main.scala
2023.08.04 08:00:16 WARN  no build target for: C:\Users\Admin\Documents\GitHub\scala-training\cses\cses\src\main\scala\Main.scala
2023.08.04 08:00:25 WARN  no build target for: C:\Users\Admin\Documents\GitHub\scala-training\cses\cses\src\main\scala\Main.scala
Aug 04, 2023 8:04:42 AM scala.meta.internal.pc.CompilerAccess handleError
SEVERE: A severe compiler error occurred, full details of the error can be found in the error report C:\Users\Admin\Documents\GitHub\scala-training\cses\cses\.metals\.reports\metals-full\r_compiler-error_1691107482170
2023.08.04 08:05:44 WARN  no build target for: C:\Users\Admin\Documents\GitHub\scala-training\cses\cses\src\main\scala\Main.scala
2023.08.04 08:05:56 WARN  no build target for: C:\Users\Admin\Documents\GitHub\scala-training\cses\cses\src\main\scala\Main.scala
2023.08.04 08:06:09 WARN  no build target for: C:\Users\Admin\Documents\GitHub\scala-training\cses\cses\src\main\scala\Main.scala
2023.08.04 08:07:33 WARN  no build target for: C:\Users\Admin\Documents\GitHub\scala-training\cses\cses\src\main\scala\Main.scala
2023.08.04 08:08:38 WARN  no build target for: C:\Users\Admin\Documents\GitHub\scala-training\cses\cses\src\main\scala\Main.scala
Aug 04, 2023 8:09:10 AM org.eclipse.lsp4j.jsonrpc.RemoteEndpoint handleCancellation
WARNING: Unmatched cancel notification for request id 1241
2023.08.04 08:09:18 WARN  no build target for: C:\Users\Admin\Documents\GitHub\scala-training\cses\cses\src\main\scala\Main.scala
2023.08.04 08:09:22 WARN  no build target for: C:\Users\Admin\Documents\GitHub\scala-training\cses\cses\src\main\scala\Main.scala
2023.08.04 08:09:22 WARN  no build target for: C:\Users\Admin\Documents\GitHub\scala-training\cses\cses\src\main\scala\Main.scala
2023.08.04 08:09:35 WARN  no build target for: C:\Users\Admin\Documents\GitHub\scala-training\cses\cses\src\main\scala\Main.scala
2023.08.04 08:18:02 WARN  no build target for: C:\Users\Admin\Documents\GitHub\scala-training\cses\cses\src\main\scala\Main.scala
2023.08.04 08:18:40 WARN  no build target for: C:\Users\Admin\Documents\GitHub\scala-training\cses\cses\src\main\scala\Main.scala
2023.08.04 08:18:51 WARN  no build target for: C:\Users\Admin\Documents\GitHub\scala-training\cses\cses\src\main\scala\Main.scala
Aug 04, 2023 8:18:56 AM scala.meta.internal.pc.CompilerAccess handleError
SEVERE: A severe compiler error occurred, full details of the error can be found in the error report C:\Users\Admin\Documents\GitHub\scala-training\cses\cses\.metals\.reports\metals-full\r_compiler-error_1691108336194
2023.08.04 08:18:56 WARN  no build target for: C:\Users\Admin\Documents\GitHub\scala-training\cses\cses\src\main\scala\Main.scala
2023.08.04 08:20:08 WARN  no build target for: C:\Users\Admin\Documents\GitHub\scala-training\cses\cses\src\main\scala\Main.scala
2023.08.04 08:20:22 WARN  no build target for: C:\Users\Admin\Documents\GitHub\scala-training\cses\cses\src\main\scala\Main.scala
2023.08.04 08:20:43 WARN  no build target for: C:\Users\Admin\Documents\GitHub\scala-training\cses\cses\src\main\scala\Main.scala
2023.08.04 08:21:36 WARN  no build target for: C:\Users\Admin\Documents\GitHub\scala-training\cses\cses\src\main\scala\Main.scala
2023.08.04 08:21:50 WARN  no build target for: C:\Users\Admin\Documents\GitHub\scala-training\cses\cses\src\main\scala\Main.scala
2023.08.04 08:22:06 WARN  no build target for: C:\Users\Admin\Documents\GitHub\scala-training\cses\cses\src\main\scala\Main.scala
2023.08.04 08:22:12 WARN  no build target for: C:\Users\Admin\Documents\GitHub\scala-training\cses\cses\src\main\scala\Main.scala
2023.08.04 08:22:54 WARN  no build target for: C:\Users\Admin\Documents\GitHub\scala-training\cses\cses\src\main\scala\Main.scala
2023.08.04 08:23:56 WARN  no build target for: C:\Users\Admin\Documents\GitHub\scala-training\cses\cses\src\main\scala\Main.scala
2023.08.04 08:24:00 WARN  no build target for: C:\Users\Admin\Documents\GitHub\scala-training\cses\cses\src\main\scala\Main.scala
2023.08.04 08:25:59 WARN  no build target for: C:\Users\Admin\Documents\GitHub\scala-training\cses\cses\src\main\scala\Main.scala
2023.08.04 08:26:08 WARN  no build target for: C:\Users\Admin\Documents\GitHub\scala-training\cses\cses\src\main\scala\Main.scala
2023.08.04 08:26:11 WARN  no build target for: C:\Users\Admin\Documents\GitHub\scala-training\cses\cses\src\main\scala\Main.scala
2023.08.04 08:41:51 WARN  no build target for: C:\Users\Admin\Documents\GitHub\scala-training\cses\cses\src\main\scala\Main.scala
2023.08.04 08:42:03 WARN  no build target for: C:\Users\Admin\Documents\GitHub\scala-training\cses\cses\src\main\scala\Main.scala
2023.08.04 10:44:40 WARN  no build target for: C:\Users\Admin\Documents\GitHub\scala-training\cses\cses\src\main\scala\Main.scala
2023.08.04 10:45:13 WARN  no build target for: C:\Users\Admin\Documents\GitHub\scala-training\cses\cses\src\main\scala\Main.scala
2023.08.04 10:45:49 WARN  no build target for: C:\Users\Admin\Documents\GitHub\scala-training\cses\cses\src\main\scala\Main.scala
2023.08.04 10:46:12 WARN  no build target for: C:\Users\Admin\Documents\GitHub\scala-training\cses\cses\src\main\scala\Main.scala
2023.08.04 10:47:33 WARN  no build target for: C:\Users\Admin\Documents\GitHub\scala-training\cses\cses\src\main\scala\Main.scala
2023.08.04 10:47:43 WARN  no build target for: C:\Users\Admin\Documents\GitHub\scala-training\cses\cses\src\main\scala\Main.scala
2023.08.04 10:48:20 WARN  no build target for: C:\Users\Admin\Documents\GitHub\scala-training\cses\cses\src\main\scala\Main.scala
2023.08.04 10:51:31 WARN  no build target for: C:\Users\Admin\Documents\GitHub\scala-training\cses\cses\src\main\scala\Main.scala
2023.08.04 10:53:06 WARN  no build target for: C:\Users\Admin\Documents\GitHub\scala-training\cses\cses\src\main\scala\Main.scala
2023.08.04 10:53:14 WARN  no build target for: C:\Users\Admin\Documents\GitHub\scala-training\cses\cses\src\main\scala\Main.scala
2023.08.04 10:53:47 WARN  no build target for: C:\Users\Admin\Documents\GitHub\scala-training\cses\cses\src\main\scala\Main.scala
2023.08.04 10:53:54 WARN  no build target for: C:\Users\Admin\Documents\GitHub\scala-training\cses\cses\src\main\scala\Main.scala
2023.08.04 10:55:08 WARN  no build target for: C:\Users\Admin\Documents\GitHub\scala-training\cses\cses\src\main\scala\Main.scala
Aug 04, 2023 10:55:28 AM scala.meta.internal.pc.CompilerAccess handleError
SEVERE: A severe compiler error occurred, full details of the error can be found in the error report C:\Users\Admin\Documents\GitHub\scala-training\cses\cses\.metals\.reports\metals-full\r_compiler-error_1691117728236
2023.08.04 10:55:33 WARN  no build target for: C:\Users\Admin\Documents\GitHub\scala-training\cses\cses\src\main\scala\Main.scala
2023.08.04 10:55:59 WARN  no build target for: C:\Users\Admin\Documents\GitHub\scala-training\cses\cses\src\main\scala\Main.scala
2023.08.04 10:56:17 WARN  no build target for: C:\Users\Admin\Documents\GitHub\scala-training\cses\cses\src\main\scala\Main.scala
Aug 04, 2023 10:57:07 AM org.eclipse.lsp4j.jsonrpc.RemoteEndpoint handleCancellation
WARNING: Unmatched cancel notification for request id 2489
2023.08.04 10:57:19 WARN  no build target for: C:\Users\Admin\Documents\GitHub\scala-training\cses\cses\src\main\scala\Main.scala
2023.08.04 10:59:01 WARN  no build target for: C:\Users\Admin\Documents\GitHub\scala-training\cses\cses\src\main\scala\Main.scala
2023.08.04 11:00:49 WARN  no build target for: C:\Users\Admin\Documents\GitHub\scala-training\cses\cses\src\main\scala\Main.scala
2023.08.04 11:07:23 WARN  no build target for: C:\Users\Admin\Documents\GitHub\scala-training\cses\cses\src\main\scala\Main.scala
Exception in thread "pool-3-thread-1" java.lang.Error: java.lang.InterruptedException
	at java.util.concurrent.ThreadPoolExecutor.runWorker(Unknown Source)
	at java.util.concurrent.ThreadPoolExecutor$Worker.run(Unknown Source)
	at java.lang.Thread.run(Unknown Source)
Caused by: java.lang.InterruptedException
	at scala.meta.internal.metals.FutureCancelToken.checkCanceled(FutureCancelToken.scala:29)
	at scala.meta.internal.pc.CompilerAccess.onCompilerJobQueue$$anonfun$1(CompilerAccess.scala:229)
	at scala.meta.internal.pc.CompilerJobQueue$Job.run(CompilerJobQueue.scala:152)
	... 3 more
Exception in thread "pool-3-thread-2" java.lang.Error: java.lang.InterruptedException
	at java.util.concurrent.ThreadPoolExecutor.runWorker(Unknown Source)
	at java.util.concurrent.ThreadPoolExecutor$Worker.run(Unknown Source)
	at java.lang.Thread.run(Unknown Source)
Caused by: java.lang.InterruptedException
	at scala.meta.internal.metals.FutureCancelToken.checkCanceled(FutureCancelToken.scala:29)
	at scala.meta.internal.pc.CompilerAccess.onCompilerJobQueue$$anonfun$1(CompilerAccess.scala:229)
	at scala.meta.internal.pc.CompilerJobQueue$Job.run(CompilerJobQueue.scala:152)
	... 3 more
2023.08.04 11:07:40 WARN  no build target for: C:\Users\Admin\Documents\GitHub\scala-training\cses\cses\src\main\scala\Main.scala
2023.08.04 11:08:01 WARN  no build target for: C:\Users\Admin\Documents\GitHub\scala-training\cses\cses\src\main\scala\Main.scala
2023.08.04 11:08:12 WARN  no build target for: C:\Users\Admin\Documents\GitHub\scala-training\cses\cses\src\main\scala\Main.scala
2023.08.04 11:08:26 WARN  no build target for: C:\Users\Admin\Documents\GitHub\scala-training\cses\cses\src\main\scala\Main.scala
Aug 04, 2023 11:08:30 AM org.eclipse.lsp4j.jsonrpc.RemoteEndpoint handleCancellation
WARNING: Unmatched cancel notification for request id 3177
2023.08.04 11:10:16 WARN  no build target for: C:\Users\Admin\Documents\GitHub\scala-training\cses\cses\src\main\scala\Main.scala
2023.08.04 11:10:36 WARN  no build target for: C:\Users\Admin\Documents\GitHub\scala-training\cses\cses\src\main\scala\Main.scala
Aug 04, 2023 11:11:13 AM org.eclipse.lsp4j.jsonrpc.RemoteEndpoint handleCancellation
WARNING: Unmatched cancel notification for request id 3299
2023.08.04 11:11:58 WARN  no build target for: C:\Users\Admin\Documents\GitHub\scala-training\cses\cses\src\main\scala\Main.scala
2023.08.04 11:22:01 WARN  no build target for: C:\Users\Admin\Documents\GitHub\scala-training\cses\cses\src\main\scala\Main.scala
2023.08.04 11:22:21 WARN  no build target for: C:\Users\Admin\Documents\GitHub\scala-training\cses\cses\src\main\scala\Main.scala
2023.08.04 11:23:40 WARN  no build target for: C:\Users\Admin\Documents\GitHub\scala-training\cses\cses\src\main\scala\Main.scala
2023.08.04 11:23:50 WARN  no build target for: C:\Users\Admin\Documents\GitHub\scala-training\cses\cses\src\main\scala\Main.scala
2023.08.04 11:24:01 WARN  no build target for: C:\Users\Admin\Documents\GitHub\scala-training\cses\cses\src\main\scala\Main.scala
2023.08.04 11:25:29 WARN  no build target for: C:\Users\Admin\Documents\GitHub\scala-training\cses\cses\src\main\scala\Main.scala
2023.08.04 11:25:40 WARN  no build target for: C:\Users\Admin\Documents\GitHub\scala-training\cses\cses\src\main\scala\Main.scala
2023.08.04 11:25:49 WARN  no build target for: C:\Users\Admin\Documents\GitHub\scala-training\cses\cses\src\main\scala\Main.scala
2023.08.04 11:28:06 WARN  no build target for: C:\Users\Admin\Documents\GitHub\scala-training\cses\cses\src\main\scala\Main.scala
2023.08.04 11:28:32 WARN  no build target for: C:\Users\Admin\Documents\GitHub\scala-training\cses\cses\src\main\scala\Main.scala
2023.08.04 11:28:55 WARN  no build target for: C:\Users\Admin\Documents\GitHub\scala-training\cses\cses\src\main\scala\Main.scala
2023.08.04 11:29:24 WARN  no build target for: C:\Users\Admin\Documents\GitHub\scala-training\cses\cses\src\main\scala\Main.scala
2023.08.04 11:30:14 WARN  no build target for: C:\Users\Admin\Documents\GitHub\scala-training\cses\cses\src\main\scala\Main.scala
2023.08.04 11:30:29 WARN  no build target for: C:\Users\Admin\Documents\GitHub\scala-training\cses\cses\src\main\scala\Main.scala
2023.08.04 11:30:37 WARN  no build target for: C:\Users\Admin\Documents\GitHub\scala-training\cses\cses\src\main\scala\Main.scala
2023.08.04 11:31:49 WARN  no build target for: C:\Users\Admin\Documents\GitHub\scala-training\cses\cses\src\main\scala\Main.scala
2023.08.04 11:32:08 WARN  no build target for: C:\Users\Admin\Documents\GitHub\scala-training\cses\cses\src\main\scala\Main.scala
2023.08.04 11:32:42 WARN  no build target for: C:\Users\Admin\Documents\GitHub\scala-training\cses\cses\src\main\scala\Main.scala
2023.08.04 11:33:08 WARN  no build target for: C:\Users\Admin\Documents\GitHub\scala-training\cses\cses\src\main\scala\Main.scala
2023.08.04 12:02:22 WARN  no build target for: C:\Users\Admin\Documents\GitHub\scala-training\cses\cses\src\main\scala\Main.scala
2023.08.04 12:02:35 WARN  no build target for: C:\Users\Admin\Documents\GitHub\scala-training\cses\cses\src\main\scala\Main.scala
2023.08.04 12:02:57 WARN  no build target for: C:\Users\Admin\Documents\GitHub\scala-training\cses\cses\src\main\scala\Main.scala
2023.08.04 12:03:23 WARN  no build target for: C:\Users\Admin\Documents\GitHub\scala-training\cses\cses\src\main\scala\Main.scala
2023.08.04 12:03:29 WARN  no build target for: C:\Users\Admin\Documents\GitHub\scala-training\cses\cses\src\main\scala\Main.scala
2023.08.04 12:03:40 WARN  no build target for: C:\Users\Admin\Documents\GitHub\scala-training\cses\cses\src\main\scala\Main.scala
2023.08.04 12:04:12 WARN  no build target for: C:\Users\Admin\Documents\GitHub\scala-training\cses\cses\src\main\scala\Main.scala
2023.08.04 12:04:24 WARN  no build target for: C:\Users\Admin\Documents\GitHub\scala-training\cses\cses\src\main\scala\Main.scala
2023.08.04 12:04:58 WARN  no build target for: C:\Users\Admin\Documents\GitHub\scala-training\cses\cses\src\main\scala\Main.scala
2023.08.04 12:06:28 WARN  no build target for: C:\Users\Admin\Documents\GitHub\scala-training\cses\cses\src\main\scala\Main.scala
2023.08.04 12:07:11 WARN  no build target for: C:\Users\Admin\Documents\GitHub\scala-training\cses\cses\src\main\scala\Main.scala
2023.08.04 12:07:21 WARN  no build target for: C:\Users\Admin\Documents\GitHub\scala-training\cses\cses\src\main\scala\Main.scala
2023.08.04 12:07:33 WARN  no build target for: C:\Users\Admin\Documents\GitHub\scala-training\cses\cses\src\main\scala\Main.scala
2023.08.04 12:08:21 WARN  no build target for: C:\Users\Admin\Documents\GitHub\scala-training\cses\cses\src\main\scala\Main.scala
2023.08.04 12:09:32 WARN  no build target for: C:\Users\Admin\Documents\GitHub\scala-training\cses\cses\src\main\scala\Main.scala
2023.08.04 12:10:07 WARN  no build target for: C:\Users\Admin\Documents\GitHub\scala-training\cses\cses\src\main\scala\Main.scala
Aug 04, 2023 12:10:39 PM org.eclipse.lsp4j.jsonrpc.RemoteEndpoint handleCancellation
WARNING: Unmatched cancel notification for request id 5932
2023.08.04 12:10:42 WARN  no build target for: C:\Users\Admin\Documents\GitHub\scala-training\cses\cses\src\main\scala\Main.scala
2023.08.04 12:10:57 WARN  no build target for: C:\Users\Admin\Documents\GitHub\scala-training\cses\cses\src\main\scala\Main.scala
2023.08.04 12:11:52 WARN  no build target for: C:\Users\Admin\Documents\GitHub\scala-training\cses\cses\src\main\scala\Main.scala
2023.08.04 12:12:07 WARN  no build target for: C:\Users\Admin\Documents\GitHub\scala-training\cses\cses\src\main\scala\Main.scala
2023.08.04 12:12:37 WARN  no build target for: C:\Users\Admin\Documents\GitHub\scala-training\cses\cses\src\main\scala\Main.scala
Aug 04, 2023 12:12:40 PM scala.meta.internal.pc.CompilerAccess handleError
SEVERE: A severe compiler error occurred, full details of the error can be found in the error report C:\Users\Admin\Documents\GitHub\scala-training\cses\cses\.metals\.reports\metals-full\r_compiler-error_1691122360599
2023.08.04 12:12:40 WARN  no build target for: C:\Users\Admin\Documents\GitHub\scala-training\cses\cses\src\main\scala\Main.scala
2023.08.04 12:13:01 WARN  no build target for: C:\Users\Admin\Documents\GitHub\scala-training\cses\cses\src\main\scala\Main.scala
2023.08.04 12:13:50 WARN  no build target for: C:\Users\Admin\Documents\GitHub\scala-training\cses\cses\src\main\scala\Main.scala
2023.08.04 12:14:04 WARN  no build target for: C:\Users\Admin\Documents\GitHub\scala-training\cses\cses\src\main\scala\Main.scala
2023.08.04 12:14:34 WARN  no build target for: C:\Users\Admin\Documents\GitHub\scala-training\cses\cses\src\main\scala\Main.scala
2023.08.04 12:15:40 WARN  no build target for: C:\Users\Admin\Documents\GitHub\scala-training\cses\cses\src\main\scala\Main.scala
2023.08.04 12:16:24 WARN  no build target for: C:\Users\Admin\Documents\GitHub\scala-training\cses\cses\src\main\scala\Main.scala
2023.08.04 12:16:44 WARN  no build target for: C:\Users\Admin\Documents\GitHub\scala-training\cses\cses\src\main\scala\Main.scala
2023.08.04 12:18:55 WARN  no build target for: C:\Users\Admin\Documents\GitHub\scala-training\cses\cses\src\main\scala\Main.scala
Aug 04, 2023 12:21:25 PM org.eclipse.lsp4j.jsonrpc.RemoteEndpoint handleCancellation
WARNING: Unmatched cancel notification for request id 6267
2023.08.04 12:21:42 WARN  no build target for: C:\Users\Admin\Documents\GitHub\scala-training\cses\cses\src\main\scala\Main.scala
2023.08.04 12:22:11 WARN  no build target for: C:\Users\Admin\Documents\GitHub\scala-training\cses\cses\src\main\scala\Main.scala
2023.08.04 12:22:29 WARN  no build target for: C:\Users\Admin\Documents\GitHub\scala-training\cses\cses\src\main\scala\Main.scala
2023.08.04 12:22:52 WARN  no build target for: C:\Users\Admin\Documents\GitHub\scala-training\cses\cses\src\main\scala\Main.scala
2023.08.04 12:23:44 WARN  no build target for: C:\Users\Admin\Documents\GitHub\scala-training\cses\cses\src\main\scala\Main.scala
2023.08.04 12:25:11 WARN  no build target for: C:\Users\Admin\Documents\GitHub\scala-training\cses\cses\src\main\scala\Main.scala
2023.08.04 12:25:19 WARN  no build target for: C:\Users\Admin\Documents\GitHub\scala-training\cses\cses\src\main\scala\Main.scala
2023.08.04 12:25:35 WARN  no build target for: C:\Users\Admin\Documents\GitHub\scala-training\cses\cses\src\main\scala\Main.scala
Aug 04, 2023 12:25:42 PM org.eclipse.lsp4j.jsonrpc.RemoteEndpoint handleCancellation
WARNING: Unmatched cancel notification for request id 6551
2023.08.04 12:25:49 WARN  no build target for: C:\Users\Admin\Documents\GitHub\scala-training\cses\cses\src\main\scala\Main.scala
2023.08.04 12:26:12 WARN  no build target for: C:\Users\Admin\Documents\GitHub\scala-training\cses\cses\src\main\scala\Main.scala
2023.08.04 12:26:22 WARN  no build target for: C:\Users\Admin\Documents\GitHub\scala-training\cses\cses\src\main\scala\Main.scala
2023.08.04 12:45:05 WARN  no build target for: C:\Users\Admin\Documents\GitHub\scala-training\cses\cses\src\main\scala\Main.scala
2023.08.04 12:45:32 WARN  no build target for: C:\Users\Admin\Documents\GitHub\scala-training\cses\cses\src\main\scala\Main.scala
2023.08.04 12:45:49 WARN  no build target for: C:\Users\Admin\Documents\GitHub\scala-training\cses\cses\src\main\scala\Main.scala
2023.08.04 12:46:03 WARN  no build target for: C:\Users\Admin\Documents\GitHub\scala-training\cses\cses\src\main\scala\Main.scala
2023.08.04 12:46:26 WARN  no build target for: C:\Users\Admin\Documents\GitHub\scala-training\cses\cses\src\main\scala\Main.scala
2023.08.04 12:46:44 WARN  no build target for: C:\Users\Admin\Documents\GitHub\scala-training\cses\cses\src\main\scala\Main.scala
2023.08.04 13:17:57 WARN  no build target for: C:\Users\Admin\Documents\GitHub\scala-training\cses\cses\src\main\scala\Main.scala
Aug 04, 2023 1:18:11 PM org.eclipse.lsp4j.jsonrpc.RemoteEndpoint handleCancellation
WARNING: Unmatched cancel notification for request id 6992
2023.08.04 13:18:23 WARN  no build target for: C:\Users\Admin\Documents\GitHub\scala-training\cses\cses\src\main\scala\Main.scala
Aug 04, 2023 2:02:10 PM scala.meta.internal.pc.CompilerAccess handleError
SEVERE: A severe compiler error occurred, full details of the error can be found in the error report C:\Users\Admin\Documents\GitHub\scala-training\cses\cses\.metals\.reports\metals-full\r_compiler-error_1691128930087
Aug 04, 2023 2:02:10 PM org.eclipse.lsp4j.jsonrpc.RemoteEndpoint handleCancellation
WARNING: Unmatched cancel notification for request id 7137
2023.08.04 14:02:12 WARN  no build target for: C:\Users\Admin\Documents\GitHub\scala-training\cses\cses\src\main\scala\Main.scala
2023.08.04 14:02:26 WARN  no build target for: C:\Users\Admin\Documents\GitHub\scala-training\cses\cses\src\main\scala\Main.scala
Aug 04, 2023 2:02:46 PM scala.meta.internal.pc.CompilerAccess handleError
SEVERE: A severe compiler error occurred, full details of the error can be found in the error report C:\Users\Admin\Documents\GitHub\scala-training\cses\cses\.metals\.reports\metals-full\r_compiler-error_1691128966319
2023.08.04 14:02:49 WARN  no build target for: C:\Users\Admin\Documents\GitHub\scala-training\cses\cses\src\main\scala\Main.scala
2023.08.04 15:50:31 INFO  Shutting down server
2023.08.04 15:50:31 INFO  shutting down Metals
2023.08.04 15:50:31 INFO  Exiting server
